[0.008s] Invoking command in '/home/kohki/endeza_ws/build/q2rpy': CMAKE_PREFIX_PATH=${CMAKE_PREFIX_PATH}:/home/kohki/turtlebot3_ws/install/turtlebot3_teleop:/home/kohki/turtlebot3_ws/install/turtlebot3_example:/opt/ros/humble /home/kohki/.local/bin/cmake /home/kohki/endeza_ws/src/q2rpy -DCMAKE_INSTALL_PREFIX=/home/kohki/endeza_ws/install/q2rpy
[0.092s] -- The C compiler identification is GNU 11.4.0
[0.149s] -- The CXX compiler identification is GNU 11.4.0
[0.169s] -- Detecting C compiler ABI info
[0.216s] -- Detecting C compiler ABI info - done
[0.224s] -- Check for working C compiler: /usr/bin/cc - skipped
[0.224s] -- Detecting C compile features
[0.224s] -- Detecting C compile features - done
[0.231s] -- Detecting CXX compiler ABI info
[0.280s] -- Detecting CXX compiler ABI info - done
[0.288s] -- Check for working CXX compiler: /usr/bin/c++ - skipped
[0.288s] -- Detecting CXX compile features
[0.288s] -- Detecting CXX compile features - done
[0.295s] -- Found ament_cmake: 1.3.10 (/opt/ros/humble/share/ament_cmake/cmake)
[0.397s] -- Found Python3: /usr/bin/python3 (found version "3.10.12") found components: Interpreter 
[0.482s] -- Found rclcpp: 16.0.10 (/opt/ros/humble/share/rclcpp/cmake)
[0.532s] -- Found rosidl_generator_c: 3.1.5 (/opt/ros/humble/share/rosidl_generator_c/cmake)
[0.537s] -- Found rosidl_adapter: 3.1.5 (/opt/ros/humble/share/rosidl_adapter/cmake)
[0.548s] -- Found rosidl_generator_cpp: 3.1.5 (/opt/ros/humble/share/rosidl_generator_cpp/cmake)
[0.563s] -- Using all available rosidl_typesupport_c: rosidl_typesupport_fastrtps_c;rosidl_typesupport_introspection_c
[0.581s] -- Using all available rosidl_typesupport_cpp: rosidl_typesupport_fastrtps_cpp;rosidl_typesupport_introspection_cpp
[0.632s] -- Found rmw_implementation_cmake: 6.1.2 (/opt/ros/humble/share/rmw_implementation_cmake/cmake)
[0.635s] -- Found rmw_fastrtps_cpp: 6.2.7 (/opt/ros/humble/share/rmw_fastrtps_cpp/cmake)
[0.703s] -- Found OpenSSL: /usr/lib/x86_64-linux-gnu/libcrypto.so (found version "3.0.2")  
[0.728s] -- Found FastRTPS: /opt/ros/humble/include  
[0.760s] -- Using RMW implementation 'rmw_fastrtps_cpp' as default
[0.770s] -- Performing Test CMAKE_HAVE_LIBC_PTHREAD
[0.814s] -- Performing Test CMAKE_HAVE_LIBC_PTHREAD - Success
[0.815s] -- Found Threads: TRUE  
[0.877s] -- Found sensor_msgs: 4.2.4 (/opt/ros/humble/share/sensor_msgs/cmake)
[0.915s] -- Found tf2: 0.25.8 (/opt/ros/humble/share/tf2/cmake)
[0.926s] -- Found tf2_ros: 0.25.8 (/opt/ros/humble/share/tf2_ros/cmake)
[1.036s] -- Found tf2_geometry_msgs: 0.25.8 (/opt/ros/humble/share/tf2_geometry_msgs/cmake)
[1.050s] -- Found eigen3_cmake_module: 0.1.1 (/opt/ros/humble/share/eigen3_cmake_module/cmake)
[1.051s] -- Found Eigen3: TRUE (found version "3.4.0") 
[1.051s] -- Ensuring Eigen3 include directory is part of orocos-kdl CMake target
[1.056s] -- Found ament_lint_auto: 0.12.11 (/opt/ros/humble/share/ament_lint_auto/cmake)
[1.122s] -- Added test 'cppcheck' to perform static code analysis on C / C++ code
[1.122s] -- Configured cppcheck include dirs: $<BUILD_INTERFACE:/home/kohki/endeza_ws/src/q2rpy/include>
[1.122s] -- Configured cppcheck exclude dirs and/or files: 
[1.123s] -- Added test 'lint_cmake' to check CMake code style
[1.124s] -- Added test 'uncrustify' to check C / C++ code style
[1.124s] -- Configured uncrustify additional arguments: 
[1.124s] -- Added test 'xmllint' to check XML markup files
[1.126s] -- Configuring done (1.1s)
[1.134s] -- Generating done (0.0s)
[1.136s] -- Build files have been written to: /home/kohki/endeza_ws/build/q2rpy
[1.146s] Invoked command in '/home/kohki/endeza_ws/build/q2rpy' returned '0': CMAKE_PREFIX_PATH=${CMAKE_PREFIX_PATH}:/home/kohki/turtlebot3_ws/install/turtlebot3_teleop:/home/kohki/turtlebot3_ws/install/turtlebot3_example:/opt/ros/humble /home/kohki/.local/bin/cmake /home/kohki/endeza_ws/src/q2rpy -DCMAKE_INSTALL_PREFIX=/home/kohki/endeza_ws/install/q2rpy
[1.146s] Invoking command in '/home/kohki/endeza_ws/build/q2rpy': CMAKE_PREFIX_PATH=${CMAKE_PREFIX_PATH}:/home/kohki/turtlebot3_ws/install/turtlebot3_teleop:/home/kohki/turtlebot3_ws/install/turtlebot3_example:/opt/ros/humble /home/kohki/.local/bin/cmake --build /home/kohki/endeza_ws/build/q2rpy -- -j12 -l12
[1.180s] [ 50%] [32mBuilding CXX object CMakeFiles/q2qpy.dir/src/q2qpy.cpp.o[0m
[3.191s] [01m[K/home/kohki/endeza_ws/src/q2rpy/src/q2qpy.cpp:34:2:[m[K [01;31m[Kerror: [m[Kexpected â€˜[01m[K;[m[Kâ€™ after class definition
[3.191s]    34 | }
[3.191s]       |  [01;31m[K^[m[K
[3.192s]       |  [32m[K;[m[K
[5.138s] gmake[2]: *** [CMakeFiles/q2qpy.dir/build.make:76: CMakeFiles/q2qpy.dir/src/q2qpy.cpp.o] ã‚¨ãƒ©ãƒ¼ 1
[5.138s] gmake[1]: *** [CMakeFiles/Makefile2:137: CMakeFiles/q2qpy.dir/all] ã‚¨ãƒ©ãƒ¼ 2
[5.138s] gmake: *** [Makefile:146: all] ã‚¨ãƒ©ãƒ¼ 2
[5.143s] Invoked command in '/home/kohki/endeza_ws/build/q2rpy' returned '2': CMAKE_PREFIX_PATH=${CMAKE_PREFIX_PATH}:/home/kohki/turtlebot3_ws/install/turtlebot3_teleop:/home/kohki/turtlebot3_ws/install/turtlebot3_example:/opt/ros/humble /home/kohki/.local/bin/cmake --build /home/kohki/endeza_ws/build/q2rpy -- -j12 -l12
